2021-10-22 22:50:14.216  INFO 10748 --- [main] com.lou.springboot.Application           : Starting Application on DESKTOP-4N2G1GT with PID 10748 (started by xiao in D:\Desktop\蓝桥云\lou-springboot)
2021-10-22 22:50:14.218  INFO 10748 --- [main] com.lou.springboot.Application           : No active profile set, falling back to default profiles: default
2021-10-22 22:50:15.100  INFO 10748 --- [main] o.s.b.w.embedded.tomcat.TomcatWebServer  : Tomcat initialized with port(s): 8080 (http)
2021-10-22 22:50:15.114  INFO 10748 --- [main] o.apache.catalina.core.StandardService   : Starting service [Tomcat]
2021-10-22 22:50:15.114  INFO 10748 --- [main] org.apache.catalina.core.StandardEngine  : Starting Servlet Engine: Apache Tomcat/9.0.12
2021-10-22 22:50:15.134  INFO 10748 --- [main] o.a.catalina.core.AprLifecycleListener   : The APR based Apache Tomcat Native library which allows optimal performance in production environments was not found on the java.library.path: [D:\Program Files\Java\jdk-14.0.1\bin;C:\WINDOWS\Sun\Java\bin;C:\WINDOWS\system32;C:\WINDOWS;C:\Program Files (x86)\NetSarang\Xlpd 6\;D:\develop\NetSarang\Xshell 6\;C:\Program Files (x86)\NetSarang\Xmanager 6\;D:\Program Files\Java\jdk1.8.0_144\bin;D:\Program Files (x86)\PuTTY\%TOMCAT_HOME%\bin;D:\Program Files\Java\jdk1.8.0_144\jre\bin;C:\WINDOWS\system32;C:\WINDOWS;C:\WINDOWS\System32\Wbem;C:\WINDOWS\System32\WindowsPowerShell\v1.0\;C:\WINDOWS\System32\OpenSSH\;C:\Program Files (x86)\Pandoc\;C:\Program Files\Pandoc\;%CATALINA_HOME%\lib;%CATALINA_HOME%\bin;C:\Program Files\NVIDIA Corporation\NVIDIA NvDLISR;".;D:\Program Files\Java\jdk-14.0.1\bin;D:\Program Files\Java\jdk-14.0.1\jre\bin;";D:\Program Files\mysql-8.0.20-winx64\bin;D:\my_java\apache-maven-3.5.2\bin;C:\WINDOWS\system32;C:\WINDOWS;C:\WINDOWS\System32\Wbem;C:\WINDOWS\System32\WindowsPowerShell\v1.0\;C:\Program Files\dotnet\;C:\Program Files\nodejs\;C:\ProgramData\chocolatey\bin;C:\Users\晓\AppData\Local\Programs\Python\Python37\Scripts\;C:\Users\晓\AppData\Local\Programs\Python\Python37\;C:\Users\晓\AppData\Local\Microsoft\WindowsApps;C:\Users\晓\AppData\Local\GitHubDesktop\bin;C:\Users\晓\AppData\Local\Microsoft\WindowsApps;F:\MySQL\mysql-8.0.17-winx64\bin;D:\Program Files\JetBrains\IntelliJ IDEA 2019.3.3\bin;;D:\Program Files\Java\jdk-14.0.1\bin;C:\Program Files\JetBrains\PyCharm 2021.1.1\bin;;C:\Users\晓\AppData\Local\Programs\Microsoft VS Code Insiders\bin;C:\Program Files\Git\bin;C:\Program Files\Git\mingw64\bin;C:\Program Files\Git\mingw64\libexec\git-core;C:\Users\晓\AppData\Roaming\npm;.]
2021-10-22 22:50:15.221  INFO 10748 --- [main] o.a.c.c.C.[Tomcat].[localhost].[/]       : Initializing Spring embedded WebApplicationContext
2021-10-22 22:50:15.222  INFO 10748 --- [main] o.s.web.context.ContextLoader            : Root WebApplicationContext: initialization completed in 978 ms
2021-10-22 22:50:15.240  INFO 10748 --- [main] o.s.b.w.servlet.ServletRegistrationBean  : Servlet dispatcherServlet mapped to [/]
2021-10-22 22:50:15.243  INFO 10748 --- [main] o.s.b.w.servlet.FilterRegistrationBean   : Mapping filter: 'characterEncodingFilter' to: [/*]
2021-10-22 22:50:15.243  INFO 10748 --- [main] o.s.b.w.servlet.FilterRegistrationBean   : Mapping filter: 'hiddenHttpMethodFilter' to: [/*]
2021-10-22 22:50:15.243  INFO 10748 --- [main] o.s.b.w.servlet.FilterRegistrationBean   : Mapping filter: 'formContentFilter' to: [/*]
2021-10-22 22:50:15.243  INFO 10748 --- [main] o.s.b.w.servlet.FilterRegistrationBean   : Mapping filter: 'requestContextFilter' to: [/*]
2021-10-22 22:50:15.370  INFO 10748 --- [main] o.s.s.concurrent.ThreadPoolTaskExecutor  : Initializing ExecutorService 'applicationTaskExecutor'
2021-10-22 22:50:15.524  INFO 10748 --- [main] o.s.b.w.embedded.tomcat.TomcatWebServer  : Tomcat started on port(s): 8080 (http) with context path ''
2021-10-22 22:50:15.530  INFO 10748 --- [main] com.lou.springboot.Application           : Started Application in 1.554 seconds (JVM running for 2.242)
2021-10-22 23:43:48.330  INFO 10596 --- [main] com.lou.springboot.SpringBootTestDemo2   : Starting SpringBootTestDemo2 on DESKTOP-4N2G1GT with PID 10596 (started by xiao in D:\Desktop\蓝桥云\lou-springboot)
2021-10-22 23:43:48.332  INFO 10596 --- [main] com.lou.springboot.SpringBootTestDemo2   : No active profile set, falling back to default profiles: default
2021-10-22 23:43:50.289  INFO 10596 --- [main] o.s.s.concurrent.ThreadPoolTaskExecutor  : Initializing ExecutorService 'applicationTaskExecutor'
2021-10-22 23:43:50.568  INFO 10596 --- [main] com.lou.springboot.SpringBootTestDemo2   : Started SpringBootTestDemo2 in 2.982 seconds (JVM running for 4.291)
2021-10-22 23:43:50.924  INFO 10596 --- [Thread-1] o.s.s.concurrent.ThreadPoolTaskExecutor  : Shutting down ExecutorService 'applicationTaskExecutor'
